warning: failed to save last-use data
This may prevent cargo from accurately tracking what is being used in its global cache. This information is used for automatically removing unused data in the cache.
System.Management.Automation.RemoteException
attempt to write a readonly database
System.Management.Automation.RemoteException
Caused by:
  Error code 8: attempt to write a readonly database
       Fresh unicode-ident v1.0.24
       Fresh cfg-if v1.0.4
       Fresh windows-link v0.2.1
       Fresh stable_deref_trait v1.2.1
       Fresh pin-project-lite v0.2.17
       Fresh bytes v1.12.0
       Fresh smallvec v1.15.2
       Fresh itoa v1.0.18
       Fresh futures-core v0.3.32
       Fresh shlex v2.0.1
       Fresh proc-macro2 v1.0.106
       Fresh windows-sys v0.61.2
       Fresh find-msvc-tools v0.1.9
       Fresh futures-sink v0.3.32
       Fresh writeable v0.6.3
       Fresh litemap v0.8.2
       Fresh memchr v2.8.2
       Fresh simd-adler32 v0.3.9
       Fresh quote v1.0.46
       Fresh mio v1.2.1
       Fresh socket2 v0.6.4
       Fresh cc v1.2.65
       Fresh utf8_iter v1.0.4
       Fresh http v1.4.2
       Fresh version_check v0.9.5
       Fresh adler2 v2.0.1
       Fresh syn v2.0.118
       Fresh tokio v1.52.3
       Fresh crc32fast v1.5.0
       Fresh percent-encoding v2.3.2
       Fresh zeroize v1.9.0
       Fresh once_cell v1.21.4
       Fresh icu_normalizer_data v2.2.0
       Fresh http-body v1.0.1
       Fresh icu_properties_data v2.2.0
       Fresh synstructure v0.13.2
       Fresh zerovec-derive v0.11.3
       Fresh displaydoc v0.2.6
       Fresh rustls-pki-types v1.14.1
       Fresh miniz_oxide v0.8.9
       Fresh getrandom v0.2.17
       Fresh futures-io v0.3.32
       Fresh futures-task v0.3.32
       Fresh slab v0.4.12
       Fresh zerofrom-derive v0.1.7
       Fresh yoke-derive v0.8.2
       Fresh untrusted v0.9.0
       Fresh futures-util v0.3.32
       Fresh flate2 v1.1.9
       Fresh rustversion v1.0.22
       Fresh strsim v0.11.1
       Fresh zerofrom v0.1.8
       Fresh ring v0.17.14
       Fresh typenum v1.20.1
       Fresh try-lock v0.2.5
       Fresh ident_case v1.0.1
       Fresh tower-service v0.3.3
       Fresh equivalent v1.0.2
       Fresh yoke v0.8.3
       Fresh want v0.3.1
       Fresh generic-array v0.14.7
       Fresh rustls-webpki v0.103.13
       Fresh darling_core v0.23.0
       Fresh windows_x86_64_msvc v0.48.5
       Fresh httparse v1.10.1
       Fresh tracing-core v0.1.36
       Fresh form_urlencoded v1.2.2
       Fresh zerovec v0.11.6
       Fresh zerotrie v0.2.4
       Fresh futures-channel v0.3.32
       Fresh atomic-waker v1.1.2
       Fresh compression-core v0.4.32
       Fresh autocfg v1.5.1
       Fresh bitflags v2.13.0
       Fresh scopeguard v1.2.0
       Fresh subtle v2.6.1
       Fresh ryu v1.0.23
       Fresh either v1.16.0
       Fresh tinystr v0.8.3
       Fresh potential_utf v0.1.5
       Fresh rustls v0.23.41
       Fresh lock_api v0.4.14
       Fresh hyper v1.10.1
       Fresh compression-codecs v0.4.38
       Fresh tracing v0.1.44
       Fresh libc v0.2.186
       Fresh serde_core v1.0.228
       Fresh darling_macro v0.23.0
       Fresh icu_locale_core v2.2.0
       Fresh icu_collections v2.2.0
       Fresh windows-targets v0.48.5
       Fresh winapi v0.3.9
       Fresh parking_lot_core v0.9.12
       Fresh serde_derive v1.0.228
       Fresh sync_wrapper v1.0.2
       Fresh ipnet v2.12.0
       Fresh tower-layer v0.3.3
       Fresh base64 v0.22.1
       Fresh foldhash v0.1.5
       Fresh icu_provider v2.2.0
       Fresh allocator-api2 v0.2.21
       Fresh log v0.4.33
       Fresh heck v0.5.0
       Fresh hyper-util v0.1.20
       Fresh crossterm_winapi v0.9.1
       Fresh serde v1.0.228
       Fresh tower v0.5.3
       Fresh parking_lot v0.12.5
       Fresh icu_properties v2.2.0
       Fresh icu_normalizer v2.2.0
       Fresh hashbrown v0.15.5
       Fresh strum_macros v0.26.4
       Fresh windows-sys v0.48.0
       Fresh darling v0.23.0
       Fresh async-compression v0.4.42
       Fresh tokio-rustls v0.26.4
       Fresh itertools v0.13.0
       Fresh idna_adapter v1.2.2
       Fresh crypto-common v0.1.7
       Fresh block-buffer v0.10.4
       Fresh castaway v0.2.4
       Fresh webpki-roots v1.0.8
       Fresh tokio-util v0.7.18
       Fresh http-body-util v0.1.3
       Fresh thiserror-impl v2.0.18
       Fresh option-ext v0.2.0
       Fresh unicode-width v0.1.14
       Fresh indoc v2.0.7
       Fresh idna v1.1.0
       Fresh bumpalo v3.20.3
       Fresh unicode-segmentation v1.13.3
       Fresh hashbrown v0.17.1
       Fresh static_assertions v1.1.0
       Fresh thiserror v2.0.18
       Fresh digest v0.10.7
       Fresh hyper-rustls v0.27.9
       Fresh dirs-sys v0.4.1
       Fresh instability v0.3.12
       Fresh url v2.5.8
       Fresh compact_str v0.8.2
       Fresh zopfli v0.8.3
       Fresh unicode-truncate v1.1.0
       Fresh indexmap v2.14.0
       Fresh strum v0.26.3
       Fresh lru v0.12.5
       Fresh num-traits v0.2.19
       Fresh crossterm v0.28.1
       Fresh paste v1.0.15
       Fresh serde_urlencoded v0.7.1
       Fresh tower-http v0.6.11
       Fresh winsafe v0.0.19
       Fresh env_home v0.1.0
       Fresh cpufeatures v0.2.17
       Fresh unicode-width v0.2.0
       Fresh cassowary v0.3.0
       Fresh zip v2.4.2
       Fresh chrono v0.4.45
       Fresh anyhow v1.0.103
       Fresh dirs v5.0.1
       Fresh hex v0.4.3
       Fresh ratatui v0.29.0
       Fresh which v7.0.3
       Fresh sha2 v0.10.9
       Fresh reqwest v0.12.28
       Fresh keybase-builder v0.1.0 (D:\PANOSEK_2.0\ponos_3.0\PROJECTS\key-base\Builder)
    Finished `release` profile [optimized] target(s) in 0.25s
